0 info it worked if it ends with ok
1 verbose cli [ '/Users/ryan.schwers/.nvm/versions/node/v6.9.1/bin/node',
1 verbose cli   '/Users/ryan.schwers/.nvm/versions/node/v6.9.1/bin/npm',
1 verbose cli   'run',
1 verbose cli   'format' ]
2 info using npm@3.10.8
3 info using node@v6.9.1
4 verbose run-script [ 'preformat', 'format', 'postformat' ]
5 info lifecycle styled-components@3.0.2~preformat: styled-components@3.0.2
6 silly lifecycle styled-components@3.0.2~preformat: no script for preformat, continuing
7 info lifecycle styled-components@3.0.2~format: styled-components@3.0.2
8 verbose lifecycle styled-components@3.0.2~format: unsafe-perm in lifecycle true
9 verbose lifecycle styled-components@3.0.2~format: PATH: /Users/ryan.schwers/.nvm/versions/node/v6.9.1/lib/node_modules/npm/bin/node-gyp-bin:/Users/ryan.schwers/src/reddit/r/styled-components/node_modules/.bin:/Users/ryan.schwers/.nvm/versions/node/v6.9.1/bin:/usr/local/bin:/Users/ryan.schwers/src/bin:/Users/ryan.schwers/.nvm/versions/node/v5.5.0/bin:/usr/bin:/bin:/usr/sbin:/sbin:/usr/local/bin:/Users/ryan.schwers/src/bin
10 verbose lifecycle styled-components@3.0.2~format: CWD: /Users/ryan.schwers/src/reddit/r/styled-components
11 silly lifecycle styled-components@3.0.2~format: Args: [ '-c', 'eslint ./**/*.js --fix' ]
12 silly lifecycle styled-components@3.0.2~format: Returned: code: 1  signal: null
13 info lifecycle styled-components@3.0.2~format: Failed to exec format script
14 verbose stack Error: styled-components@3.0.2 format: `eslint ./**/*.js --fix`
14 verbose stack Exit status 1
14 verbose stack     at EventEmitter.<anonymous> (/Users/ryan.schwers/.nvm/versions/node/v6.9.1/lib/node_modules/npm/lib/utils/lifecycle.js:255:16)
14 verbose stack     at emitTwo (events.js:106:13)
14 verbose stack     at EventEmitter.emit (events.js:191:7)
14 verbose stack     at ChildProcess.<anonymous> (/Users/ryan.schwers/.nvm/versions/node/v6.9.1/lib/node_modules/npm/lib/utils/spawn.js:40:14)
14 verbose stack     at emitTwo (events.js:106:13)
14 verbose stack     at ChildProcess.emit (events.js:191:7)
14 verbose stack     at maybeClose (internal/child_process.js:877:16)
14 verbose stack     at Process.ChildProcess._handle.onexit (internal/child_process.js:226:5)
15 verbose pkgid styled-components@3.0.2
16 verbose cwd /Users/ryan.schwers/src/reddit/r/styled-components
17 error Darwin 16.7.0
18 error argv "/Users/ryan.schwers/.nvm/versions/node/v6.9.1/bin/node" "/Users/ryan.schwers/.nvm/versions/node/v6.9.1/bin/npm" "run" "format"
19 error node v6.9.1
20 error npm  v3.10.8
21 error code ELIFECYCLE
22 error styled-components@3.0.2 format: `eslint ./**/*.js --fix`
22 error Exit status 1
23 error Failed at the styled-components@3.0.2 format script 'eslint ./**/*.js --fix'.
23 error Make sure you have the latest version of node.js and npm installed.
23 error If you do, this is most likely a problem with the styled-components package,
23 error not with npm itself.
23 error Tell the author that this fails on your system:
23 error     eslint ./**/*.js --fix
23 error You can get information on how to open an issue for this project with:
23 error     npm bugs styled-components
23 error Or if that isn't available, you can get their info via:
23 error     npm owner ls styled-components
23 error There is likely additional logging output above.
24 verbose exit [ 1, true ]
